[22:10:28.456 ERROR]  showno such user, or user login or password is incorrect
[22:31:10.299 ERROR]  infono such user, or user login or password is incorrect
[23:12:14.762 ERROR] wrong command
[23:23:35.879 ERROR] wrong command
[23:23:41.842 ERROR]  showno such user, or user login or password is incorrect
[23:23:48.823 ERROR]  Jack  loginlogin or password is incorrect
[23:23:49.353 ERROR] wrong command
[23:23:52.660 ERROR]  showno such user, or user login or password is incorrect
[23:24:04.847 ERROR]  roma  loginlogin or password is incorrect
[23:25:46.521 ERROR]  jaj  loginlogin or password is incorrect
[23:27:34.857 ERROR] wrong command
[23:34:56.643 ERROR] wrong command
[23:34:58.231 ERROR]  helpno such user, or user login or password is incorrect
[23:35:04.671 ERROR]  loginlogin or password is incorrect
[23:36:51.071 ERROR]  showno such user, or user login or password is incorrect
[01:14:02.309 ERROR] wrong command
[01:14:04.439 ERROR]  showno such user, or user login or password is incorrect
[01:19:46.860 ERROR]  showno such user, or user login or password is incorrect
[01:19:57.130 ERROR]  user  loginlogin or password is incorrect
[02:17:22.775 ERROR]  showno such user, or user login or password is incorrect
[16:47:50.052 ERROR]  infono such user, or user login or password is incorrect
[19:14:42.884 ERROR] received data is damaged
[19:22:53.190 ERROR] received data is damaged
[19:57:46.272 ERROR] received data is damaged
[20:01:26.212 ERROR] received data is damaged
[20:02:46.655 ERROR] received data is damaged
[20:04:35.130 ERROR] received data is damaged
[20:10:49.821 ERROR] received data is damaged
[20:19:15.751 ERROR] received data is damaged
[20:22:10.128 ERROR] received data is damaged
[20:22:45.620 ERROR] received data is damaged
[20:35:20.706 ERROR] received data is damaged
[20:42:09.691 ERROR] received data is damaged
[20:44:46.565 ERROR] received data is damaged
[20:58:57.317 ERROR] wrong command
[20:58:59.217 ERROR]  showno such user, or user login or password is incorrect
[21:12:49.500 ERROR] wrong command
[21:14:02.608 ERROR] wrong command
[21:15:16.460 ERROR]  rwrong command
[21:15:24.534 ERROR] wrong command
[21:15:47.022 ERROR] wrong command
[21:16:02.866 ERROR] wrong command
[21:16:05.063 ERROR]  showno such user, or user login or password is incorrect
[21:22:33.836 ERROR] wrong command
[21:22:35.760 ERROR]  showno such user, or user login or password is incorrect
[21:32:30.069 ERROR] wrong command
[21:32:31.301 ERROR]  showno such user, or user login or password is incorrect
[21:32:46.093 ERROR]  addno such user, or user login or password is incorrect
[21:50:47.854 ERROR]  haha  loginlogin or password is incorrect
[01:09:39.192 ERROR]  showno such user, or user login or password is incorrect
[01:48:37.813 ERROR] nothing to load
[01:52:23.921 ERROR] nothing to load
[01:53:24.055 ERROR] nothing to load
[01:53:52.429 ERROR] nothing to load
[01:54:56.274 ERROR] wrong command
[23:27:29.470 ERROR] wrong command
[23:27:33.336 ERROR]  show no such user, or user login or password is incorrect
[23:27:57.314 ERROR]  showno such user, or user login or password is incorrect
[23:28:04.798 ERROR]  helpno such user, or user login or password is incorrect
[23:28:17.844 ERROR] wrong command
[23:28:39.473 ERROR]  hah  remove_by_idno such id 60
[23:30:28.630 ERROR]  helpno such user, or user login or password is incorrect
[23:30:32.384 ERROR]  showno such user, or user login or password is incorrect
[23:31:17.601 ERROR]  showno such user, or user login or password is incorrect
[23:31:46.313 ERROR] wrong command
[23:32:10.271 ERROR]  hah  remove_by_idno such id 9090
[23:33:00.054 ERROR]  show no such user, or user login or password is incorrect
[23:33:10.514 ERROR]  help no such user, or user login or password is incorrect
[23:39:00.076 ERROR]  show no such user, or user login or password is incorrect
[23:39:02.443 ERROR]  show no such user, or user login or password is incorrect
[00:10:33.275 ERROR]  sha  login login or password is incorrect
[00:10:42.196 ERROR]  sha  login login or password is incorrect
[00:10:51.025 ERROR]  login login or password is incorrect
[00:13:33.687 ERROR]  kek  register user kek already exist
[00:13:37.568 ERROR]  show no such user, or user login or password is incorrect
[00:13:57.510 ERROR]  show no such user, or user login or password is incorrect
[00:22:14.099 ERROR]  show no such user, or user login or password is incorrect
[00:23:37.387 ERROR]  help no such user, or user login or password is incorrect
[00:23:38.932 ERROR]  show no such user, or user login or password is incorrect
[00:23:44.879 ERROR]  exit wrong command
[00:28:14.757 ERROR]  show no such user, or user login or password is incorrect
[00:28:40.959 ERROR]  hah  remove_by_id no such id 90
[02:16:37.545 ERROR]  show no such user, or user login or password is incorrect
[21:08:14.852 ERROR]  show no such user, or user login or password is incorrect
[21:12:52.920 ERROR]  show no such user, or user login or password is incorrect
[15:19:48.745 ERROR]  show no such user, or user login or password is incorrect
[15:56:11.588 ERROR]  kek  register user kek already exist
[16:22:13.490 ERROR]  hah  login login or password is incorrect
[16:27:14.059 ERROR]  dfs  login login or password is incorrect
[16:28:34.753 ERROR]  sd  login login or password is incorrect
[20:34:20.764 ERROR]  fds  login login or password is incorrect
[21:06:57.545 ERROR]  hah  register user hah already exist
[21:27:41.744 ERROR]  haha  register user haha already exist
[21:59:10.066 ERROR]  hypee  login login or password is incorrect
[23:10:41.644 ERROR]  Jack12  login login or password is incorrect
[23:16:47.508 ERROR]  mm  register user mm already exist
[01:03:51.121 ERROR]  hah  register user hah already exist
[01:25:14.152 ERROR]  Jack  register user Jack already exist
[01:47:46.364 ERROR]  qq  register user qq already exist
[18:54:33.096 ERROR]  hah  register user hah already exist
[18:54:48.233 ERROR]  qq  register user qq already exist
[18:54:59.276 ERROR]  qqq  register user qqq already exist
[19:00:45.114 ERROR]  qq  register user qq already exist
[19:02:01.841 ERROR]  qq  register user qq already exist
[19:03:25.551 ERROR]  qq  register user qq already exist
[19:04:26.122 ERROR]  qqq  register user qqq already exist
[19:05:18.608 ERROR]  qq  register user qq already exist
[19:06:01.614 ERROR]  qq  register user qq already exist
[19:06:04.048 ERROR]  qq  register user qq already exist
[00:54:57.358 ERROR]  hah  register user hah already exist
[12:39:37.670 ERROR]  show no such user, or user login or password is incorrect
[14:22:09.204 ERROR]  qq  login login or password is incorrect
[16:01:33.344 ERROR]  qq  remove_by_id you don't have permission, element was created by hah
[16:01:55.154 ERROR]  qq  remove_by_id you don't have permission, element was created by hah
[16:02:20.479 ERROR]  qq  remove_by_id you don't have permission, element was created by hah
[16:29:01.306 ERROR]  qq  remove_by_id you don't have permission, element was created by kek
[16:30:42.948 ERROR]  qq  remove_by_id you don't have permission, element was created by kek
[19:45:55.752 ERROR] received data is damaged
[19:46:13.437 ERROR] received data is damaged
[19:46:35.843 ERROR] received data is damaged
[19:49:01.492 ERROR]  qq  remove_by_id you don't have permission, element was created by kek
[20:06:18.633 ERROR]  qq  remove_by_id element #58 not found
[20:06:23.485 ERROR]  qq  remove_by_id you don't have permission, element was created by kek
[20:06:42.173 ERROR]  qq  remove_by_id element #58 not found
[20:06:45.335 ERROR]  qq  remove_by_id element #58 not found
[20:06:45.535 ERROR]  qq  remove_by_id element #58 not found
[20:06:45.764 ERROR]  qq  remove_by_id element #58 not found
[20:06:46.262 ERROR]  qq  remove_by_id element #58 not found
[20:06:46.930 ERROR]  qq  remove_by_id element #58 not found
[20:06:47.180 ERROR]  qq  remove_by_id element #58 not found
[20:06:47.404 ERROR]  qq  remove_by_id element #58 not found
[20:06:47.640 ERROR]  qq  remove_by_id element #58 not found
[20:06:47.871 ERROR]  qq  remove_by_id element #58 not found
[20:06:48.092 ERROR]  qq  remove_by_id element #58 not found
[20:06:48.304 ERROR]  qq  remove_by_id element #58 not found
[20:06:48.556 ERROR]  qq  remove_by_id element #58 not found
[20:06:48.753 ERROR]  qq  remove_by_id element #58 not found
[20:06:48.977 ERROR]  qq  remove_by_id element #58 not found
[20:06:49.178 ERROR]  qq  remove_by_id element #58 not found
[20:06:49.374 ERROR]  qq  remove_by_id element #58 not found
[20:06:49.554 ERROR]  qq  remove_by_id element #58 not found
[20:29:14.160 ERROR]  qq  remove_by_id element #59 not found
[20:29:39.858 ERROR]  qq  remove_by_id you don't have permission, element was created by kek
[20:31:05.417 ERROR]  qq  remove_by_id you don't have permission, element was created by kek
[20:31:15.252 ERROR]  qq  remove_by_id you don't have permission, element was created by kek
[20:57:18.257 ERROR]  qq  remove_by_id no such id 66
[20:57:40.252 ERROR]  qq  remove_by_id no such id 66
[20:57:42.133 ERROR]  qq  remove_by_id no such id 66
[21:42:28.933 ERROR]  qq  remove_by_id no such id 62
[21:42:37.843 ERROR]  qq  remove_by_id you don't have permission, element was created by kek
[22:41:07.613 ERROR]  qq  remove_by_id element #72 not found
[22:41:10.528 ERROR]  qq  remove_by_id element #72 not found
[22:41:19.722 ERROR]  qq  remove_by_id element #73 not found
[22:41:24.300 ERROR]  qq  remove_by_id element #73 not found
[22:41:28.362 ERROR]  qq  remove_by_id element #73 not found
[22:41:31.733 ERROR]  qq  remove_by_id element #72 not found
[22:41:37.051 ERROR]  qq  remove_by_id you don't have permission, element was created by kek
[22:41:39.080 ERROR]  qq  remove_by_id you don't have permission, element was created by kek
[22:41:41.426 ERROR]  qq  remove_by_id you don't have permission, element was created by kek
[22:43:54.633 ERROR]  qq  remove_by_id element #76 not found
[23:07:15.297 ERROR]  qq  remove_by_id no such id 88
[23:07:21.212 ERROR]  qq  remove_by_id no such id 88
[23:12:25.501 ERROR]  qq  remove_by_id no such id 92
[00:30:42.230 ERROR]  qq  remove_by_id no such id 105
[00:30:43.892 ERROR]  qq  remove_by_id no such id 105
[00:30:44.865 ERROR]  qq  remove_by_id no such id 105
[00:30:50.051 ERROR]  qq  remove_by_id no such id 106
[00:30:51.146 ERROR]  qq  remove_by_id no such id 106
[00:30:51.955 ERROR]  qq  remove_by_id no such id 106
[00:30:52.805 ERROR]  qq  remove_by_id no such id 106
[00:53:53.495 ERROR]  qq  login login or password is incorrect
[02:27:50.142 ERROR]  qq  add_if_min unable to add, min price is 1 current price is 4
[12:59:13.616 ERROR]  qq  remove_by_id you don't have permission, element was created by hah
[13:39:10.128 ERROR]  qq  remove_by_id you don't have permission, element was created by hah
[16:28:05.954 ERROR]  qq  update you don't have permission, element was created by kek
[17:48:04.979 ERROR]  qq  add_if_min unable to add, min price is 1 current price is 200
[18:00:56.234 ERROR]  qq  remove_by_id you don't have permission, element was created by kek
[18:01:05.770 ERROR]  qq  remove_by_id you don't have permission, element was created by kek
[18:54:29.321 ERROR]  qq  add_if_min unable to add, min price is 1 current price is 5
[19:03:30.222 ERROR]  qq  remove_by_id you don't have permission, element was created by hah
[19:30:54.954 ERROR]  qq  remove_by_id you don't have permission, element was created by hah
[19:32:57.595 ERROR]  qq  remove_by_id you don't have permission, element was created by Jack
[19:33:02.048 ERROR]  qq  update you don't have permission, element was created by Jack
[19:59:40.687 ERROR]  qq  remove_by_id you don't have permission, element was created by hah
[19:59:55.913 ERROR]  qq  remove_by_id you don't have permission, element was created by hah
[23:18:38.509 ERROR]  qq  remove_lower element #219 not found
[23:20:58.569 ERROR]  qq  remove_lower element #224 not found
[23:33:20.428 ERROR]  qq  remove_lower element #229 not found
[23:34:08.776 ERROR]  qq  remove_lower element #233 not found
[23:35:29.627 ERROR]  qq  remove_lower element #235 not found
[23:42:10.399 ERROR]  qq  remove_lower element #237 not found
[23:56:15.509 ERROR]  qq  remove_lower element #240 not found
[00:02:54.699 ERROR]  qq  remove_lower element #243 not found
[00:05:48.327 ERROR]  qq  remove_lower element #246 not found
[00:11:23.157 ERROR]  qq  remove_lower element #248 not found
[00:14:56.561 ERROR]  qq  remove_lower element #251 not found
[00:17:55.231 ERROR]  qq  remove_lower element #256 not found
[00:20:46.038 ERROR]  qq  remove_lower element #257 not found
[00:23:37.158 ERROR]  qq  remove_lower element #260 not found
[00:23:43.675 ERROR]  qq  remove_lower element #262 not found
[00:24:27.193 ERROR]  qq  remove_lower element #263 not found
[00:27:00.608 ERROR]  qq  remove_lower element #266 not found
[00:35:19.541 ERROR]  qq  remove_lower element #269 not found
[00:51:47.401 ERROR]  qq  add_if_min unable to add, min price is 1 current price is 1000
[00:54:35.006 ERROR]  qq  add_if_min unable to add, min price is 1 current price is 3
[02:24:32.586 ERROR]  qqq  register user qqq already exist
[02:24:38.706 ERROR]  qqqqq  register user qqqqq already exist
[04:24:34.658 ERROR]  qq  remove_by_id no such id 309
[19:26:30.627 ERROR]  qq  login login or password is incorrect
[19:46:45.593 ERROR]  qq  remove_by_id you don't have permission, element was created by hah
[19:51:28.061 ERROR]  qq  add_if_min unable to add, min price is 1 current price is 1000
[19:51:34.009 ERROR]  qq  add_if_min unable to add, min price is 1 current price is 1000
[19:51:35.840 ERROR]  qq  update you don't have permission, element was created by hah
[19:58:34.158 ERROR] wrong command
[19:58:34.161 ERROR] wrong command
[19:59:17.645 ERROR] wrong command
[19:59:17.647 ERROR] wrong command
[19:59:25.039 ERROR] wrong command
[19:59:25.041 ERROR] wrong command
[20:00:03.816 ERROR] wrong command
[20:00:03.819 ERROR] wrong command
[20:00:09.699 ERROR] wrong command
[20:00:09.702 ERROR] wrong command
[20:00:49.342 ERROR] wrong command
[23:15:59.703 ERROR]  ert  remove_by_id you don't have permission, element was created by hah
[00:27:21.582 ERROR]  qq  remove_by_id you don't have permission, element was created by Jack
[22:43:04.954 ERROR]  qq  add_if_min unable to add, min price is 1 current price is 1000
[22:49:49.026 ERROR]  qq  add_if_min unable to add, min price is 1 current price is 1000
[22:49:52.955 ERROR]  qq  add_if_min unable to add, min price is 1 current price is 1000
[01:55:45.671 ERROR]  йй  login login or password is incorrect
[01:56:05.644 ERROR]  qq  login login or password is incorrect
[01:56:19.993 ERROR]  qqqqqqq  login login or password is incorrect
[01:57:43.982 ERROR]  qq  register user qq already exist
[01:57:55.376 ERROR]  qq  register user qq already exist
[01:58:21.692 ERROR]  qq  register user qq already exist
[01:58:55.848 ERROR]  qqq  register user qqq already exist
[01:59:17.024 ERROR]  qq  register user qq already exist
[02:00:30.353 ERROR]  qq  register user qq already exist
[02:04:19.343 ERROR]  qq  register user qq already exist
[12:43:32.489 ERROR] wrong command
[12:43:34.912 ERROR] wrong command
[12:43:38.984 ERROR] wrong command
[12:43:47.462 ERROR] wrong command
[16:22:14.847 ERROR]  ert  login login or password is incorrect
[17:40:32.253 ERROR]  qq  login login or password is incorrect
[18:36:30.728 ERROR] wrong command
[18:36:34.909 ERROR] wrong command
[01:46:24.156 ERROR] received data is damaged
[01:46:31.359 ERROR] received data is damaged
[01:47:08.584 ERROR] received data is damaged
[23:18:00.704 ERROR]  qq  add_if_min unable to add, min price is 70 current price is 71
[23:59:02.697 ERROR]  qq  remove_by_id no such id 0
[00:04:54.556 ERROR]  qq  add_if_min unable to add, min price is 70 current price is 79
[23:57:06.876 ERROR]  Jack  update you don't have permission, element was created by qq
[04:24:50.149 ERROR]  qq  update you don't have permission, element was created by Jack
[04:57:46.491 ERROR]  qq  remove_by_id you don't have permission, element was created by kek
[04:57:50.596 ERROR]  Jack  remove_by_id you don't have permission, element was created by kek
